"C:/Users/thoma/Desktop/VRFIRST/Content/VirtualRealityBP/Blueprints/PickupActorInterface.uasset" 0
"C:/Users/thoma/Desktop/VRFIRST/Content/VirtualReality/Materials/M_BaseMaterial.uasset" 1
"C:/Users/thoma/Desktop/VRFIRST/Content/VirtualReality/Materials/MI_SmallCubes.uasset" 2
"C:/Users/thoma/Desktop/VRFIRST/Content/Geometry/Meshes/CubeMaterial.uasset" 3
"C:/Users/thoma/Desktop/VRFIRST/Content/Geometry/Meshes/1M_Cube.uasset" 4
"C:/Users/thoma/Desktop/VRFIRST/Content/VirtualRealityBP/Blueprints/BP_PickupCube.uasset" 5
"../../../Engine/Content/BasicShapes/BasicShapeMaterial.uasset" 6
"../../../Engine/Content/Functions/Engine_MaterialFunctions01/Opacity/CameraDepthFade.uasset" 7
"../../../Engine/Content/EngineMaterials/T_Default_Material_Grid_M.uasset" 8
"../../../Engine/Content/EngineMaterials/T_Default_Material_Grid_N.uasset" 9
"../../../Engine/Content/EngineMaterials/DefaultMaterial.uasset" 10
"../../../Engine/Content/BasicShapes/Sphere.uasset" 11
"C:/Users/thoma/Desktop/VRFIRST/Content/Sphere_Blueprint.uasset" 12
"C:/Users/thoma/Desktop/VRFIRST/Content/Assets/Shoe_UVW.uasset" 13
"C:/Users/thoma/Desktop/VRFIRST/Content/Assets/Material__83.uasset" 14
"C:/Users/thoma/Desktop/VRFIRST/Content/Assets/NewRoom_Box006.uasset" 15
"C:/Users/thoma/Desktop/VRFIRST/Content/Assets/shelf_UVW.uasset" 16
"C:/Users/thoma/Desktop/VRFIRST/Content/Assets/Material__99.uasset" 17
"C:/Users/thoma/Desktop/VRFIRST/Content/Assets/NewRoom_Box007.uasset" 18
"C:/Users/thoma/Desktop/VRFIRST/Content/Geometry/Meshes/1M_Cube_Chamfer.uasset" 19
"C:/Users/thoma/Desktop/VRFIRST/Content/Geometry/Meshes/TemplateFloor.uasset" 20
"C:/Users/thoma/Desktop/VRFIRST/Content/VirtualReality/Materials/MI_BaseMaterial2.uasset" 21
"C:/Users/thoma/Desktop/VRFIRST/Content/VirtualReality/Materials/MI_BaseMaterial3.uasset" 22
"C:/Users/thoma/Desktop/VRFIRST/Content/VirtualReality/Materials/GenericHMDMaterial.uasset" 23
"C:/Users/thoma/Desktop/VRFIRST/Content/VirtualReality/Meshes/GenericHMD.uasset" 24
"../../../Engine/Content/Functions/Engine_MaterialFunctions02/Utility/BreakOutFloat2Components.uasset" 25
"../../../Engine/Content/Functions/Engine_MaterialFunctions01/Texturing/ScaleUVsByCenter.uasset" 26
"../../../Engine/Content/Functions/Engine_MaterialFunctions02/ScreenResolution.uasset" 27
"../../../Engine/Content/Functions/Engine_MaterialFunctions02/Texturing/ScreenAlignedUVs.uasset" 28
"../../../Engine/Content/Functions/Engine_MaterialFunctions02/Utility/CameraDirectionVector.uasset" 29
"../../../Engine/Content/Functions/Engine_MaterialFunctions02/Utility/DepthFromWorldPosition.uasset" 30
"C:/Users/thoma/Desktop/VRFIRST/Content/VirtualReality/Materials/MF_OccludedPixels.uasset" 31
"C:/Users/thoma/Desktop/VRFIRST/Content/VirtualReality/Materials/TeleportMCP.uasset" 32
"../../../Engine/Content/EngineMaterials/Good64x64TilingNoiseHighFreq.uasset" 33
"C:/Users/thoma/Desktop/VRFIRST/Content/VirtualReality/Materials/M_ArcEndpoint.uasset" 34
"C:/Users/thoma/Desktop/VRFIRST/Content/VirtualReality/Materials/M_TeleportPreviews.uasset" 35
"C:/Users/thoma/Desktop/VRFIRST/Content/VirtualReality/Materials/MI_TeleportCylinderPreview.uasset" 36
"../../../Engine/Content/BasicShapes/Cylinder.uasset" 37
"../../../Engine/Content/EngineMaterials/WorldGridMaterial.uasset" 38
"C:/Users/thoma/Desktop/VRFIRST/Content/VirtualReality/Meshes/BeaconDirection.uasset" 39
"C:/Users/thoma/Desktop/VRFIRST/Content/VirtualReality/Meshes/SM_FatCylinder.uasset" 40
"C:/Users/thoma/Desktop/VRFIRST/Content/VirtualRealityBP/Blueprints/HMDLocomotionPawn.uasset" 41
"../../../Engine/Content/EditorBlueprintResources/StandardMacros.uasset" 42
"C:/Users/thoma/Desktop/VRFIRST/Content/Assets/Ball_holes_TEX.uasset" 43
"C:/Users/thoma/Desktop/VRFIRST/Content/Ball.uasset" 44
"C:/Users/thoma/Desktop/VRFIRST/Content/VirtualRealityBP/Blueprints/Ball.uasset" 45
"C:/Users/thoma/Desktop/VRFIRST/Content/Assets/tv_TEX.uasset" 46
"C:/Users/thoma/Desktop/VRFIRST/Content/Assets/Material__81.uasset" 47
"C:/Users/thoma/Desktop/VRFIRST/Content/Assets/NewRoom_Box004.uasset" 48
"C:/Users/thoma/Desktop/VRFIRST/Content/Assets/ScoreDisplay.uasset" 49
"C:/Users/thoma/Desktop/VRFIRST/Content/VirtualRealityBP/Blueprints/Scoreboard.uasset" 50
"C:/Users/thoma/Desktop/VRFIRST/Content/Assets/Material__37.uasset" 51
"C:/Users/thoma/Desktop/VRFIRST/Content/Assets/Material__38.uasset" 52
"C:/Users/thoma/Desktop/VRFIRST/Content/Assets/simple_bowling_pin.uasset" 53
"C:/Users/thoma/Desktop/VRFIRST/Content/VirtualRealityBP/Blueprints/Pin.uasset" 54
"C:/Users/thoma/Desktop/VRFIRST/Content/VirtualRealityBP/Blueprints/simple_bowling_pin9_Blueprint.uasset" 55
"C:/Users/thoma/Desktop/VRFIRST/Content/VirtualRealityBP/Blueprints/Sphere_Blueprint.uasset" 56
"../../../Engine/Content/Animation/DefaultAnimBoneCompressionSettings.uasset" 57
"../../../Engine/Content/Animation/DefaultAnimCurveCompressionSettings.uasset" 58
"../../../Engine/Content/ArtTools/RenderToTexture/Meshes/S_1_Unit_Plane.uasset" 59
"../../../Engine/Content/BasicShapes/Cone.uasset" 60
"../../../Engine/Content/BasicShapes/Cube.uasset" 61
"../../../Engine/Content/BasicShapes/Plane.uasset" 62
"../../../Engine/Content/EditorLandscapeResources/DataLayer.uasset" 63
"../../../Engine/Content/EditorMaterials/MAT_Groups_Toggle.uasset" 64
"../../../Engine/Content/EditorMaterials/MAT_Groups_Visibility.uasset" 65
"../../../Engine/Content/EditorMaterials/PreviewShadowIndicator.uasset" 66
"../../../Engine/Content/EditorMaterials/PreviewShadowIndicatorMaterial.uasset" 67
"../../../Engine/Content/EditorMaterials/MatineeGroups/MAT_ColorTrack.uasset" 68
"../../../Engine/Content/EditorMaterials/MatineeGroups/MAT_Groups_Anim.uasset" 69
"../../../Engine/Content/EditorMaterials/MatineeGroups/MAT_Groups_AudioMaster.uasset" 70
"../../../Engine/Content/EditorMaterials/MatineeGroups/MAT_Groups_Director.uasset" 71
"../../../Engine/Content/EditorMaterials/MatineeGroups/MAT_Groups_Event.uasset" 72
"../../../Engine/Content/EditorMaterials/MatineeGroups/MAT_Groups_Fade.uasset" 73
"../../../Engine/Content/EditorMaterials/MatineeGroups/MAT_Groups_Float.uasset" 74
"../../../Engine/Content/EditorMaterials/MatineeGroups/MAT_Groups_Move.uasset" 75
"../../../Engine/Content/EditorMaterials/MatineeGroups/MAT_Groups_Slomo.uasset" 76
"../../../Engine/Content/EditorMaterials/MatineeGroups/MAT_Groups_Sound.uasset" 77
"../../../Engine/Content/EditorMaterials/MatineeGroups/MAT_Groups_Vector.uasset" 78
"../../../Engine/Content/EditorMaterials/ParticleSystems/PSysThumbnail_NoImage.uasset" 79
"../../../Engine/Content/EditorMaterials/ParticleSystems/PSysThumbnail_OOD.uasset" 80
"../../../Engine/Content/EditorMaterials/Camera/CineMat.uasset" 81
"../../../Engine/Content/EditorMaterials/Camera/MI_CineMat_Rig.uasset" 82
"../../../Engine/Content/EditorMeshes/Camera/SM_CraneRig_Arm.uasset" 83
"../../../Engine/Content/EditorMeshes/Camera/SM_CraneRig_Base.uasset" 84
"../../../Engine/Content/EditorMeshes/Camera/SM_CraneRig_Body.uasset" 85
"../../../Engine/Content/EditorMeshes/Camera/SM_CraneRig_Mount.uasset" 86
"../../../Engine/Content/EditorMeshes/Camera/SM_RailRig_Mount.uasset" 87
"../../../Engine/Content/EditorMeshes/Camera/SM_RailRig_Track.uasset" 88
"../../../Engine/Content/EditorResources/BSPVertex.uasset" 89
"../../../Engine/Content/EditorResources/EmptyActor.uasset" 90
"../../../Engine/Content/EditorResources/S_Actor.uasset" 91
"../../../Engine/Content/EditorResources/S_Note.uasset" 92
"../../../Engine/Content/EditorResources/S_Solver.uasset" 93
"../../../Engine/Content/EditorResources/S_Trigger.uasset" 94
"../../../Engine/Content/EditorResources/SequenceRecorder/Countdown.uasset" 95
"../../../Engine/Content/EditorResources/SequenceRecorder/RecordingIndicator.uasset" 96
"../../../Engine/Content/EditorSounds/Notifications/CompileFailed.uasset" 97
"../../../Engine/Content/EditorSounds/Notifications/CompileFailed_Cue.uasset" 98
"../../../Engine/Content/EditorSounds/Notifications/CompileSuccess.uasset" 99
"../../../Engine/Content/EditorSounds/Notifications/CompileStart_Cue.uasset" 100
"../../../Engine/Content/EditorSounds/Notifications/CompileSuccess_Cue.uasset" 101
"../../../Engine/Content/EngineDamageTypes/DmgTypeBP_Environmental.uasset" 102
"../../../Engine/Content/EngineDebugMaterials/DebugEditorMaterial.uasset" 103
"../../../Engine/Content/EngineDebugMaterials/DebugMeshMaterial.uasset" 104
"../../../Engine/Content/EngineDebugMaterials/M_SimpleUnlitTranslucent.uasset" 105
"../../../Engine/Content/EngineDebugMaterials/VolumeToRender.uasset" 106
"../../../Engine/Content/EngineDebugMaterials/M_VolumeRenderSphereTracePP.uasset" 107
"../../../Engine/Content/EngineDebugMaterials/WireframeMaterial.uasset" 108
"../../../Engine/Content/EngineFonts/Faces/DroidSansFallback.uasset" 109
"../../../Engine/Content/EngineFonts/Faces/RobotoBold.uasset" 110
"../../../Engine/Content/EngineFonts/Faces/RobotoBoldItalic.uasset" 111
"../../../Engine/Content/EngineFonts/Faces/RobotoItalic.uasset" 112
"../../../Engine/Content/EngineFonts/Faces/RobotoLight.uasset" 113
"../../../Engine/Content/EngineFonts/Faces/RobotoRegular.uasset" 114
"../../../Engine/Content/EngineFonts/Roboto.uasset" 115
"../../../Engine/Content/EngineMaterials/BaseFlattenDiffuseMap.uasset" 116
"../../../Engine/Content/EngineMaterials/BaseFlattenEmissiveMap.uasset" 117
"../../../Engine/Content/EngineMaterials/BaseFlattenGrayscaleMap.uasset" 118
"../../../Engine/Content/EngineMaterials/BaseFlattenNormalMap.uasset" 119
"../../../Engine/Content/EngineMaterials/BaseFlattenMaterial.uasset" 120
"../../../Engine/Content/EngineMaterials/BlueNoise.uasset" 121
"../../../Engine/Content/EngineMaterials/DefaultBloomKernel.uasset" 122
"../../../Engine/Content/EngineMaterials/DefaultBokeh.uasset" 123
"../../../Engine/Content/EngineMaterials/DefaultDiffuse.uasset" 124
"../../../Engine/Content/EngineMaterials/DefaultDeferredDecalMaterial.uasset" 125
"../../../Engine/Content/EngineMaterials/DefaultLightFunctionMaterial.uasset" 126
"../../../Engine/Content/EngineMaterials/DefaultPhysicalMaterial.uasset" 127
"../../../Engine/Content/EngineMaterials/DefaultPostProcessMaterial.uasset" 128
"../../../Engine/Content/EngineFonts/RobotoDistanceField.uasset" 129
"../../../Engine/Content/EngineMaterials/DefaultTextMaterialOpaque.uasset" 130
"../../../Engine/Content/EngineMaterials/DefaultWhiteGrid.uasset" 131
"../../../Engine/Content/EngineMaterials/DefaultWhiteGrid_Low.uasset" 132
"../../../Engine/Content/EngineMaterials/EmissiveMeshMaterial.uasset" 133
"../../../Engine/Content/EngineMaterials/GizmoMaterial.uasset" 134
"../../../Engine/Content/EngineMaterials/MiniFont.uasset" 135
"../../../Engine/Content/EngineMaterials/InvalidLightmapSettings.uasset" 136
"../../../Engine/Content/EngineMaterials/M_InvalidLightmapSettings.uasset" 137
"../../../Engine/Content/Functions/Engine_MaterialFunctions02/WorldPositionOffset/CameraOffset.uasset" 138
"../../../Engine/Content/EngineMaterials/PhAT_JointLimitMaterial.uasset" 139
"../../../Engine/Content/EngineMaterials/PreintegratedSkinBRDF.uasset" 140
"../../../Engine/Content/EngineMaterials/RemoveSurfaceMaterial.uasset" 141
"../../../Engine/Content/EngineMaterials/WeightMapPlaceholderTexture.uasset" 142
"../../../Engine/Content/EngineResources/WhiteSquareTexture.uasset" 143
"../../../Engine/Content/EngineMaterials/Widget3DPassThrough.uasset" 144
"../../../Engine/Content/EngineMaterials/Widget3DPassThrough_Masked.uasset" 145
"../../../Engine/Content/EngineMaterials/Widget3DPassThrough_Opaque.uasset" 146
"../../../Engine/Content/EngineMaterials/Widget3DPassThrough_Masked_OneSided.uasset" 147
"../../../Engine/Content/EngineMaterials/Widget3DPassThrough_Opaque_OneSided.uasset" 148
"../../../Engine/Content/EngineMaterials/Widget3DPassThrough_Translucent.uasset" 149
"../../../Engine/Content/EngineMaterials/Widget3DPassThrough_Translucent_OneSided.uasset" 150
"../../../Engine/Content/EngineMeshes/Cylinder.uasset" 151
"../../../Engine/Content/EngineMeshes/Sphere.uasset" 152
"../../../Engine/Content/EngineResources/Black.uasset" 153
"../../../Engine/Content/EngineResources/DefaultTexture.uasset" 154
"../../../Engine/Content/EngineResources/DefaultTextureCube.uasset" 155
"../../../Engine/Content/EngineResources/DefaultVolumeTexture2D.uasset" 156
"../../../Engine/Content/EngineResources/DefaultVolumeTexture.uasset" 157
"../../../Engine/Content/EngineResources/GradientTexture0.uasset" 158
"../../../Engine/Content/EngineSounds/Master.uasset" 159
"../../../Engine/Content/Functions/Engine_MaterialFunctions01/Shading/ConvertFromDiffSpec.uasset" 160
"../../../Engine/Content/Functions/Engine_MaterialFunctions01/Shading/PowerToRoughness.uasset" 161
"../../../Engine/Content/Maps/Templates/Thumbnails/Default.uasset" 162
"../../../Engine/Content/Maps/Templates/Thumbnails/TimeOfDay.uasset" 163
"../../../Engine/Content/Maps/Templates/Thumbnails/VR-Basic.uasset" 164
"../../../Engine/Content/MobileResources/T_MobileControls_texture.uasset" 165
"../../../Engine/Content/MobileResources/T_MobileMenu2.uasset" 166
"../../../Engine/Content/MobileResources/HUD/AnalogHat.uasset" 167
"../../../Engine/Content/MobileResources/HUD/VirtualJoystick_Background.uasset" 168
"../../../Engine/Content/MobileResources/HUD/VirtualJoystick_Thumb.uasset" 169
"../../../Engine/Content/MobileResources/HUD/DefaultVirtualJoysticks.uasset" 170
"../../../Engine/Content/MobileResources/HUD/LeftVirtualJoystickOnly.uasset" 171
"../../../Engine/Content/MobileResources/HUD/MobileHUDButton1_off.uasset" 172
"../../../Engine/Content/MobileResources/HUD/MobileHUDButton1_on.uasset" 173
"../../../Engine/Content/MobileResources/HUD/MobileHUDButton2_off.uasset" 174
"../../../Engine/Content/MobileResources/HUD/MobileHUDButton2_on.uasset" 175
"../../../Engine/Content/MobileResources/HUD/MobileHUDButton3.uasset" 176
"../../../Engine/Content/MobileResources/HUD/MobileHUDButtonFire.uasset" 177
"../../../Engine/Content/MobileResources/HUD/MobileHUDDirectionPad.uasset" 178
"../../../Engine/Content/MobileResources/HUD/MobileHUDDirectionPad2.uasset" 179
"../../../Engine/Content/MobileResources/HUD/MobileHUDDirectionPad3.uasset" 180
"../../../Engine/Content/MobileResources/HUD/MobileHUDDirectionStick.uasset" 181
"../../../Engine/Content/MobileResources/HUD/T_Castle_ThumbstickInner.uasset" 182
"../../../Engine/Content/MobileResources/HUD/T_Castle_ThumbstickOutter.uasset" 183
"../../../Engine/Content/Tutorial/ContentIntroCurve.uasset" 184
"../../../Engine/Content/Tutorial/Basics/LevelEditorAttract.uasset" 185
"../../../Engine/Content/VREditor/LaserPointer/VR_LaserPower_01.uasset" 186
"../../../Engine/Content/VREditor/TransformGizmo/TransformGizmoMaterial.uasset" 187
"../../../Engine/Content/VREditor/TransformGizmo/TranslucentTransformGizmoMaterial.uasset" 188
"../../../Engine/Content/VREditor/TransformGizmo/BoundingBoxCorner.uasset" 189
"../../../Engine/Content/VREditor/TransformGizmo/BoundingBoxEdge.uasset" 190
"../../../Engine/Content/VREditor/TransformGizmo/PlaneTranslationHandle.uasset" 191
"../../../Engine/Content/VREditor/TransformGizmo/Main.uasset" 192
"../../../Engine/Content/VREditor/TransformGizmo/Xray.uasset" 193
"../../../Engine/Content/VREditor/TransformGizmo/SM_Sequencer_Key.uasset" 194
"../../../Engine/Content/VREditor/TransformGizmo/SM_Sequencer_Node.uasset" 195
"../../Plugins/2D/Paper2D/Content/PlaceholderTextures/DummySpriteTexture.uasset" 196
"../../Plugins/2D/Paper2D/Content/DummySprite.uasset" 197
"../../Plugins/2D/Paper2D/Content/DefaultPaperTerrainMaterial.uasset" 198
"../../Plugins/2D/Paper2D/Content/DefaultSpriteMaterial.uasset" 199
"../../Plugins/2D/Paper2D/Content/MaskedUnlitSpriteMaterial.uasset" 200
"../../Plugins/2D/Paper2D/Content/OpaqueUnlitSpriteMaterial.uasset" 201
"../../Plugins/FX/Niagara/Content/Enums/ENiagaraBooleanLogicOps.uasset" 202
"../../Plugins/FX/Niagara/Content/Enums/ENiagaraCoordinateSpace.uasset" 203
"../../Plugins/FX/Niagara/Content/Enums/ENiagaraExpansionMode.uasset" 204
"../../Plugins/FX/Niagara/Content/Enums/ENiagaraOrientationAxis.uasset" 205
"../../Plugins/FX/Niagara/Content/Enums/ENiagaraRandomnessMode.uasset" 206
"../../../Engine/Content/Functions/Engine_MaterialFunctions02/Utility/BreakOutFloat4Components.uasset" 207
"../../../Engine/Content/Functions/Engine_MaterialFunctions02/Utility/MakeFloat2.uasset" 208
"../../../Engine/Content/Functions/Engine_MaterialFunctions02/Utility/MakeFloat3.uasset" 209
"../../Plugins/Runtime/Oculus/OculusVR/Content/Materials/OculusMR_ChromaKey.uasset" 210
"../../Plugins/Runtime/Oculus/OculusVR/Content/Materials/OculusMR_ChromaKey_Lit.uasset" 211
"../../Plugins/Runtime/Oculus/OculusVR/Content/Materials/OculusMR_OpaqueColoredMaterial.uasset" 212
"../../Plugins/Runtime/Oculus/OculusVR/Content/Materials/OculusMR_WhiteMaterial.uasset" 213
"C:/Users/thoma/Desktop/VRFIRST/Content/GutterPush.uasset" 214
"../../../Engine/Content/EngineSky/C_Sky_Cloud_Color.uasset" 215
"../../../Engine/Content/EngineSky/C_Sky_Horizon_Color.uasset" 216
"../../../Engine/Content/EngineSky/C_Sky_Zenith_Color.uasset" 217
"../../../Engine/Content/EngineSky/T_Sky_Blue.uasset" 218
"../../../Engine/Content/EngineSky/T_Sky_Clouds_M.uasset" 219
"../../../Engine/Content/EngineSky/T_Sky_Stars.uasset" 220
"../../../Engine/Content/EngineSky/M_Sky_Panning_Clouds2.uasset" 221
"../../../Engine/Content/EngineSky/SM_SkySphere.uasset" 222
"../../../Engine/Content/EngineSky/BP_Sky_Sphere.uasset" 223
"C:/Users/thoma/Desktop/VRFIRST/Content/Assets/BallReset.uasset" 224
"C:/Users/thoma/Desktop/VRFIRST/Content/Assets/Light_UVW.uasset" 225
"C:/Users/thoma/Desktop/VRFIRST/Content/Assets/Material__98.uasset" 226
"C:/Users/thoma/Desktop/VRFIRST/Content/Assets/NewRoom_Cylinder001.uasset" 227
"C:/Users/thoma/Desktop/VRFIRST/Content/Assets/LightTube.uasset" 228
"C:/Users/thoma/Desktop/VRFIRST/Content/VirtualReality/Mannequin/Character/Mesh/MannequinHand_Right_Skeleton.uasset" 229
"C:/Users/thoma/Desktop/VRFIRST/Content/VirtualReality/Mannequin/Animations/MannequinHand_Right_CanGrab.uasset" 230
"C:/Users/thoma/Desktop/VRFIRST/Content/VirtualReality/Mannequin/Animations/MannequinHand_Right_Grab.uasset" 231
"C:/Users/thoma/Desktop/VRFIRST/Content/VirtualReality/Mannequin/Animations/MannequinHand_Right_Open.uasset" 232
"C:/Users/thoma/Desktop/VRFIRST/Content/VirtualReality/Mannequin/Animations/RightGrip_BS.uasset" 233
"C:/Users/thoma/Desktop/VRFIRST/Content/VirtualRealityBP/Blueprints/GripEnum.uasset" 234
"C:/Users/thoma/Desktop/VRFIRST/Content/VirtualReality/Mannequin/Animations/RightHand_AnimBP.uasset" 235
"C:/Users/thoma/Desktop/VRFIRST/Content/VirtualRealityBP/Blueprints/MotionControllerHaptics.uasset" 236
"C:/Users/thoma/Desktop/VRFIRST/Content/VirtualReality/Materials/M_SplineArcMat.uasset" 237
"C:/Users/thoma/Desktop/VRFIRST/Content/VirtualReality/Materials/MI_ChaperoneOutline.uasset" 238
"C:/Users/thoma/Desktop/VRFIRST/Content/VirtualReality/Mannequin/Character/Textures/UE4_Mannequin__normals.uasset" 239
"C:/Users/thoma/Desktop/VRFIRST/Content/VirtualReality/Mannequin/Character/Textures/UE4_Mannequin_MAT_MASKA.uasset" 240
"C:/Users/thoma/Desktop/VRFIRST/Content/VirtualReality/Mannequin/Character/Materials/M_HandMat.uasset" 241
"C:/Users/thoma/Desktop/VRFIRST/Content/VirtualReality/Mannequin/Character/Mesh/MannequinHand_Right_PhysicsAsset.uasset" 242
"C:/Users/thoma/Desktop/VRFIRST/Content/VirtualReality/Mannequin/Character/Mesh/MannequinHand_Right.uasset" 243
"C:/Users/thoma/Desktop/VRFIRST/Content/VirtualReality/Meshes/1x1_cube.uasset" 244
"C:/Users/thoma/Desktop/VRFIRST/Content/VirtualReality/Meshes/BeamMesh.uasset" 245
"C:/Users/thoma/Desktop/VRFIRST/Content/VirtualRealityBP/Blueprints/BP_MotionController.uasset" 246
"C:/Users/thoma/Desktop/VRFIRST/Content/VirtualRealityBP/Blueprints/Button.uasset" 247
"C:/Users/thoma/Desktop/VRFIRST/Content/VirtualRealityBP/Blueprints/MotionControllerPawn.uasset" 248
"C:/Users/thoma/Desktop/VRFIRST/Content/VirtualRealityBP/Maps/MotionControllerMap_BuiltData.uasset" 249
"C:/Users/thoma/Desktop/VRFIRST/Content/Assets/Dispenser_UVW.uasset" 250
"C:/Users/thoma/Desktop/VRFIRST/Content/Assets/Material__80.uasset" 251
"C:/Users/thoma/Desktop/VRFIRST/Content/Assets/NewRoom_Box003.uasset" 252
"C:/Users/thoma/Desktop/VRFIRST/Content/Assets/bar_UVW.uasset" 253
"C:/Users/thoma/Desktop/VRFIRST/Content/Assets/Material__100.uasset" 254
"C:/Users/thoma/Desktop/VRFIRST/Content/Assets/NewRoom_Box005.uasset" 255
"C:/Users/thoma/Desktop/VRFIRST/Content/Assets/Ceiling_TEX.uasset" 256
"C:/Users/thoma/Desktop/VRFIRST/Content/Assets/Material__123.uasset" 257
"C:/Users/thoma/Desktop/VRFIRST/Content/Assets/Material__50.uasset" 258
"C:/Users/thoma/Desktop/VRFIRST/Content/Assets/Floor_TEX.uasset" 259
"C:/Users/thoma/Desktop/VRFIRST/Content/Assets/Material__52.uasset" 260
"C:/Users/thoma/Desktop/VRFIRST/Content/Assets/Walls_TEX.uasset" 261
"C:/Users/thoma/Desktop/VRFIRST/Content/Assets/Material__53.uasset" 262
"C:/Users/thoma/Desktop/VRFIRST/Content/Assets/NewRoom_Box008.uasset" 263
"C:/Users/thoma/Desktop/VRFIRST/Content/VirtualRealityBP/Maps/MotionControllerMap.umap" 264
"../../../Engine/Content/Maps/Entry_BuiltData.uasset" 265
"../../../Engine/Content/Maps/Entry.umap" 266
